<?xml version="1.0" encoding="UTF-8"?>
<testng-results ignored="0" total="4" passed="3" failed="1" skipped="0">
  <reporter-output>
  </reporter-output>
  <suite started-at="2025-03-30T07:45:03 IST" name="Suite" finished-at="2025-03-30T07:45:49 IST" duration-ms="45938">
    <groups>
    </groups>
    <test started-at="2025-03-30T07:45:03 IST" name="Test" finished-at="2025-03-30T07:45:49 IST" duration-ms="45938">
      <class name="Akamai.EtETest.SubmitTestETE">
        <test-method is-config="true" signature="launchApplication()[pri:0, instance:Akamai.EtETest.SubmitTestETE@333d4a8c]" started-at="2025-03-30T07:45:03 IST" name="launchApplication" finished-at="2025-03-30T07:45:10 IST" duration-ms="6446" status="PASS">
          <reporter-output>
          </reporter-output>
        </test-method> <!-- launchApplication -->
        <test-method signature="sumitOrder(java.util.HashMap)[pri:0, instance:Akamai.EtETest.SubmitTestETE@333d4a8c]" started-at="2025-03-30T07:45:10 IST" name="sumitOrder" data-provider="getData" finished-at="2025-03-30T07:45:22 IST" duration-ms="11974" status="PASS">
          <params>
            <param index="0">
              <value>
                <![CDATA[{password=Sourabh@99, product=ADIDAS ORIGINAL, email=sourabhbhosale@gmail.com}]]>
              </value>
            </param>
          </params>
          <reporter-output>
          </reporter-output>
        </test-method> <!-- sumitOrder -->
        <test-method is-config="true" signature="tearDown()[pri:0, instance:Akamai.EtETest.SubmitTestETE@333d4a8c]" started-at="2025-03-30T07:45:22 IST" name="tearDown" finished-at="2025-03-30T07:45:22 IST" duration-ms="309" status="PASS">
          <reporter-output>
          </reporter-output>
        </test-method> <!-- tearDown -->
        <test-method is-config="true" signature="launchApplication()[pri:0, instance:Akamai.EtETest.SubmitTestETE@333d4a8c]" started-at="2025-03-30T07:45:22 IST" name="launchApplication" finished-at="2025-03-30T07:45:24 IST" duration-ms="2390" status="PASS">
          <reporter-output>
          </reporter-output>
        </test-method> <!-- launchApplication -->
        <test-method signature="sumitOrder(java.util.HashMap)[pri:0, instance:Akamai.EtETest.SubmitTestETE@333d4a8c]" started-at="2025-03-30T07:45:24 IST" name="sumitOrder" data-provider="getData" finished-at="2025-03-30T07:45:36 IST" duration-ms="11945" status="PASS">
          <params>
            <param index="0">
              <value>
                <![CDATA[{password=Akshay@99, product=ZARA COAT 3, email=akjodgand@gmail.com}]]>
              </value>
            </param>
          </params>
          <reporter-output>
          </reporter-output>
        </test-method> <!-- sumitOrder -->
        <test-method is-config="true" signature="tearDown()[pri:0, instance:Akamai.EtETest.SubmitTestETE@333d4a8c]" started-at="2025-03-30T07:45:36 IST" name="tearDown" finished-at="2025-03-30T07:45:36 IST" duration-ms="310" status="PASS">
          <reporter-output>
          </reporter-output>
        </test-method> <!-- tearDown -->
      </class> <!-- Akamai.EtETest.SubmitTestETE -->
      <class name="Akamai.EtETest.ErrorValidationsTestETE">
        <test-method is-config="true" signature="launchApplication()[pri:0, instance:Akamai.EtETest.ErrorValidationsTestETE@5c86a017]" started-at="2025-03-30T07:45:36 IST" name="launchApplication" finished-at="2025-03-30T07:45:40 IST" duration-ms="3369" status="PASS">
          <reporter-output>
          </reporter-output>
        </test-method> <!-- launchApplication -->
        <test-method signature="prouctErrorValidation()[pri:0, instance:Akamai.EtETest.ErrorValidationsTestETE@5c86a017]" started-at="2025-03-30T07:45:40 IST" name="prouctErrorValidation" finished-at="2025-03-30T07:45:42 IST" duration-ms="2440" status="PASS">
          <reporter-output>
          </reporter-output>
        </test-method> <!-- prouctErrorValidation -->
        <test-method is-config="true" signature="tearDown()[pri:0, instance:Akamai.EtETest.ErrorValidationsTestETE@5c86a017]" started-at="2025-03-30T07:45:42 IST" name="tearDown" finished-at="2025-03-30T07:45:43 IST" duration-ms="260" status="PASS">
          <reporter-output>
          </reporter-output>
        </test-method> <!-- tearDown -->
        <test-method is-config="true" signature="launchApplication()[pri:0, instance:Akamai.EtETest.ErrorValidationsTestETE@5c86a017]" started-at="2025-03-30T07:45:43 IST" name="launchApplication" finished-at="2025-03-30T07:45:47 IST" duration-ms="4777" status="PASS">
          <reporter-output>
          </reporter-output>
        </test-method> <!-- launchApplication -->
        <test-method signature="qoginErrorValidation()[pri:0, instance:Akamai.EtETest.ErrorValidationsTestETE@5c86a017]" started-at="2025-03-30T07:45:47 IST" name="qoginErrorValidation" finished-at="2025-03-30T07:45:48 IST" duration-ms="681" status="FAIL">
          <exception class="java.lang.AssertionError">
            <message>
              <![CDATA[expected [Incorrect email or password.] but found [Incorrect Remove email or password.]]]>
            </message>
            <full-stacktrace>
              <![CDATA[java.lang.AssertionError: expected [Incorrect email or password.] but found [Incorrect Remove email or password.]
at org.testng.Assert.fail(Assert.java:111)
at org.testng.Assert.failNotEquals(Assert.java:1590)
at org.testng.Assert.assertEqualsImpl(Assert.java:150)
at org.testng.Assert.assertEquals(Assert.java:132)
at org.testng.Assert.assertEquals(Assert.java:656)
at org.testng.Assert.assertEquals(Assert.java:666)
at Akamai.EtETest.ErrorValidationsTestETE.qoginErrorValidation(ErrorValidationsTestETE.java:19)
at java.base/jdk.internal.reflect.DirectMethodHandleAccessor.invoke(DirectMethodHandleAccessor.java:103)
at java.base/java.lang.reflect.Method.invoke(Method.java:580)
at org.testng.internal.invokers.MethodInvocationHelper.invokeMethod(MethodInvocationHelper.java:141)
at org.testng.internal.invokers.TestInvoker.invokeMethod(TestInvoker.java:687)
at org.testng.internal.invokers.TestInvoker.invokeTestMethod(TestInvoker.java:230)
at org.testng.internal.invokers.MethodRunner.runInSequence(MethodRunner.java:63)
at org.testng.internal.invokers.TestInvoker$MethodInvocationAgent.invoke(TestInvoker.java:995)
at org.testng.internal.invokers.TestInvoker.invokeTestMethods(TestInvoker.java:203)
at org.testng.internal.invokers.TestMethodWorker.invokeTestMethods(TestMethodWorker.java:154)
at org.testng.internal.invokers.TestMethodWorker.run(TestMethodWorker.java:134)
at java.base/java.util.ArrayList.forEach(ArrayList.java:1596)
at org.testng.TestRunner.privateRun(TestRunner.java:741)
at org.testng.TestRunner.run(TestRunner.java:616)
at org.testng.SuiteRunner.runTest(SuiteRunner.java:421)
at org.testng.SuiteRunner.runSequentially(SuiteRunner.java:413)
at org.testng.SuiteRunner.privateRun(SuiteRunner.java:373)
at org.testng.SuiteRunner.run(SuiteRunner.java:312)
at org.testng.SuiteRunnerWorker.runSuite(SuiteRunnerWorker.java:52)
at org.testng.SuiteRunnerWorker.run(SuiteRunnerWorker.java:95)
at org.testng.TestNG.runSuitesSequentially(TestNG.java:1274)
at org.testng.TestNG.runSuitesLocally(TestNG.java:1208)
at org.testng.TestNG.runSuites(TestNG.java:1112)
at org.testng.TestNG.run(TestNG.java:1079)
at org.apache.maven.surefire.testng.TestNGExecutor.run(TestNGExecutor.java:308)
at org.apache.maven.surefire.testng.TestNGXmlTestSuite.execute(TestNGXmlTestSuite.java:71)
at org.apache.maven.surefire.testng.TestNGProvider.invoke(TestNGProvider.java:113)
at org.apache.maven.surefire.booter.ForkedBooter.runSuitesInProcess(ForkedBooter.java:385)
at org.apache.maven.surefire.booter.ForkedBooter.execute(ForkedBooter.java:162)
at org.apache.maven.surefire.booter.ForkedBooter.run(ForkedBooter.java:507)
at org.apache.maven.surefire.booter.ForkedBooter.main(ForkedBooter.java:495)
]]>
            </full-stacktrace>
          </exception> <!-- java.lang.AssertionError -->
          <reporter-output>
          </reporter-output>
        </test-method> <!-- qoginErrorValidation -->
        <test-method is-config="true" signature="tearDown()[pri:0, instance:Akamai.EtETest.ErrorValidationsTestETE@5c86a017]" started-at="2025-03-30T07:45:48 IST" name="tearDown" finished-at="2025-03-30T07:45:49 IST" duration-ms="215" status="PASS">
          <reporter-output>
          </reporter-output>
        </test-method> <!-- tearDown -->
      </class> <!-- Akamai.EtETest.ErrorValidationsTestETE -->
    </test> <!-- Test -->
  </suite> <!-- Suite -->
</testng-results>
